Started GET "/" for 127.0.0.1 at 2017-12-04 15:48:36 +0300
  
SyntaxError (/Users/boyanik/Desktop/Ruby/Automorph/app/controllers/automorph_controller.rb:31: syntax error, unexpected end-of-input, expecting keyword_end):
  
app/controllers/automorph_controller.rb:31: syntax error, unexpected end-of-input, expecting keyword_end
Started GET "/" for 127.0.0.1 at 2017-12-04 15:50:14 +0300
Processing by AutomorphController#index as HTML
  Rendering automorph/index.html.erb within layouts/application
  Rendered automorph/index.html.erb within layouts/application (0.8ms)
Completed 500 Internal Server Error in 193ms


  
SyntaxError (/Users/boyanik/Desktop/Ruby/Automorph/app/views/automorph/index.html.erb:15: syntax error, unexpected keyword_ensure, expecting end-of-input
          ensure
                ^):
  
app/views/automorph/index.html.erb:15: syntax error, unexpected keyword_ensure, expecting end-of-input
Started GET "/" for 127.0.0.1 at 2017-12-04 15:52:38 +0300
Processing by AutomorphController#index as HTML
  Rendering automorph/index.html.erb within layouts/application
  Rendered automorph/index.html.erb within layouts/application (1.7ms)
Completed 500 Internal Server Error in 353ms


  
ActionView::Template::Error (couldn't find file 'jquery' with type 'application/javascript'
Checked in these paths: 
  /Users/boyanik/Desktop/Ruby/Automorph/app/assets/config
  /Users/boyanik/Desktop/Ruby/Automorph/app/assets/images
  /Users/boyanik/Desktop/Ruby/Automorph/app/assets/javascripts
  /Users/boyanik/Desktop/Ruby/Automorph/app/assets/stylesheets
  /usr/local/lib/ruby/gems/2.4.0/gems/coffee-rails-4.2.2/lib/assets/javascripts
  /usr/local/lib/ruby/gems/2.4.0/gems/actioncable-5.1.3/lib/assets/compiled
  /usr/local/lib/ruby/gems/2.4.0/gems/actionview-5.1.3/lib/assets/compiled
  /usr/local/lib/ruby/gems/2.4.0/gems/turbolinks-source-5.0.3/lib/assets/javascripts
  /Users/boyanik/Desktop/Ruby/Automorph/node_modules):
    4:     <title>Automorph</title>
    5:     <%= csrf_meta_tags %>
    6: 
    7:     <%= stylesheet_link_tag    'application', media: 'all', 'data-turbolinks-track': 'reload' %>
    8:     <%= javascript_include_tag 'application', 'data-turbolinks-track': 'reload' %>
    9:   </head>
   10: 
  
app/assets/javascripts/application.js:15
app/views/layouts/application.html.erb:7:in `_app_views_layouts_application_html_erb__2108138488332080370_70130749728460'
Started GET "/" for 127.0.0.1 at 2017-12-04 15:53:18 +0300
Processing by AutomorphController#index as HTML
  Rendering automorph/index.html.erb within layouts/application
  Rendered automorph/index.html.erb within layouts/application (1.4ms)
Completed 500 Internal Server Error in 268ms


  
ActionView::Template::Error (couldn't find file 'jquery' with type 'application/javascript'
Checked in these paths: 
  /Users/boyanik/Desktop/Ruby/Automorph/app/assets/config
  /Users/boyanik/Desktop/Ruby/Automorph/app/assets/images
  /Users/boyanik/Desktop/Ruby/Automorph/app/assets/javascripts
  /Users/boyanik/Desktop/Ruby/Automorph/app/assets/stylesheets
  /usr/local/lib/ruby/gems/2.4.0/gems/coffee-rails-4.2.2/lib/assets/javascripts
  /usr/local/lib/ruby/gems/2.4.0/gems/actioncable-5.1.3/lib/assets/compiled
  /usr/local/lib/ruby/gems/2.4.0/gems/actionview-5.1.3/lib/assets/compiled
  /usr/local/lib/ruby/gems/2.4.0/gems/turbolinks-source-5.0.3/lib/assets/javascripts
  /Users/boyanik/Desktop/Ruby/Automorph/node_modules):
    4:     <title>Automorph</title>
    5:     <%= csrf_meta_tags %>
    6: 
    7:     <%= stylesheet_link_tag    'application', media: 'all', 'data-turbolinks-track': 'reload' %>
    8:     <%= javascript_include_tag 'application', 'data-turbolinks-track': 'reload' %>
    9:   </head>
   10: 
  
app/assets/javascripts/application.js:15
app/views/layouts/application.html.erb:7:in `_app_views_layouts_application_html_erb__2619165479606940088_70107113641700'
Started GET "/" for 127.0.0.1 at 2017-12-04 15:53:20 +0300
Processing by AutomorphController#index as HTML
  Rendering automorph/index.html.erb within layouts/application
  Rendered automorph/index.html.erb within layouts/application (0.6ms)
Completed 500 Internal Server Error in 13ms


  
ActionView::Template::Error (couldn't find file 'jquery' with type 'application/javascript'
Checked in these paths: 
  /Users/boyanik/Desktop/Ruby/Automorph/app/assets/config
  /Users/boyanik/Desktop/Ruby/Automorph/app/assets/images
  /Users/boyanik/Desktop/Ruby/Automorph/app/assets/javascripts
  /Users/boyanik/Desktop/Ruby/Automorph/app/assets/stylesheets
  /usr/local/lib/ruby/gems/2.4.0/gems/coffee-rails-4.2.2/lib/assets/javascripts
  /usr/local/lib/ruby/gems/2.4.0/gems/actioncable-5.1.3/lib/assets/compiled
  /usr/local/lib/ruby/gems/2.4.0/gems/actionview-5.1.3/lib/assets/compiled
  /usr/local/lib/ruby/gems/2.4.0/gems/turbolinks-source-5.0.3/lib/assets/javascripts
  /Users/boyanik/Desktop/Ruby/Automorph/node_modules):
    4:     <title>Automorph</title>
    5:     <%= csrf_meta_tags %>
    6: 
    7:     <%= stylesheet_link_tag    'application', media: 'all', 'data-turbolinks-track': 'reload' %>
    8:     <%= javascript_include_tag 'application', 'data-turbolinks-track': 'reload' %>
    9:   </head>
   10: 
  
app/assets/javascripts/application.js:15
app/views/layouts/application.html.erb:7:in `_app_views_layouts_application_html_erb__2619165479606940088_70107114583220'
Started GET "/" for 127.0.0.1 at 2017-12-04 15:56:41 +0300
Processing by AutomorphController#index as HTML
  Rendering automorph/index.html.erb within layouts/application
  Rendered automorph/index.html.erb within layouts/application (2.2ms)
Completed 500 Internal Server Error in 1347ms


  
ActionView::Template::Error (SyntaxError: [stdin]:1:1: reserved word 'function'):
    4:     <title>Automorph</title>
    5:     <%= csrf_meta_tags %>
    6: 
    7:     <%= stylesheet_link_tag    'application', media: 'all', 'data-turbolinks-track': 'reload' %>
    8:     <%= javascript_include_tag 'application', 'data-turbolinks-track': 'reload' %>
    9:   </head>
   10: 
  
(execjs):7539:8
(execjs):7545:14
app/views/layouts/application.html.erb:7:in `_app_views_layouts_application_html_erb__2921503608028647153_70095236062860'
Started GET "/" for 127.0.0.1 at 2017-12-04 16:01:09 +0300
Processing by AutomorphController#index as HTML
  Rendering automorph/index.html.erb within layouts/application
  Rendered automorph/index.html.erb within layouts/application (2.2ms)
Completed 200 OK in 479ms (Views: 251.4ms)


Started GET "/automorph/result?utf8=%E2%9C%93&%7B%3Amin%3D%3E1%2C%20%3Amax%3D%3E100%2C%20%3Avalue%3D%3E10%7D=123&commit=%D0%9D%D0%B0%D0%B9%D1%82%D0%B8" for 127.0.0.1 at 2017-12-04 16:01:17 +0300
Processing by AutomorphController#result as JS
  Parameters: {"utf8"=>"✓", "{:min=>1, :max=>100, :value=>10}"=>"123", "commit"=>"Найти"}
  Rendering automorph/result.html.erb within layouts/application
  Rendered automorph/result.html.erb within layouts/application (0.6ms)
Completed 200 OK in 19ms (Views: 16.1ms)


Started GET "/automorph/result?utf8=%E2%9C%93&%7B%3Amin%3D%3E1%2C%20%3Amax%3D%3E100%2C%20%3Avalue%3D%3E10%7D=123&commit=%D0%9D%D0%B0%D0%B9%D1%82%D0%B8" for 127.0.0.1 at 2017-12-04 16:01:22 +0300
Processing by AutomorphController#result as JS
  Parameters: {"utf8"=>"✓", "{:min=>1, :max=>100, :value=>10}"=>"123", "commit"=>"Найти"}
  Rendering automorph/result.html.erb within layouts/application
  Rendered automorph/result.html.erb within layouts/application (0.7ms)
Completed 200 OK in 38ms (Views: 35.6ms)


Started GET "/automorph/result?utf8=%E2%9C%93&%7B%3Amin%3D%3E1%2C%20%3Amax%3D%3E100%2C%20%3Avalue%3D%3E10%7D=123&commit=%D0%9D%D0%B0%D0%B9%D1%82%D0%B8" for 127.0.0.1 at 2017-12-04 16:01:22 +0300
Processing by AutomorphController#result as JS
  Parameters: {"utf8"=>"✓", "{:min=>1, :max=>100, :value=>10}"=>"123", "commit"=>"Найти"}
  Rendering automorph/result.html.erb within layouts/application
  Rendered automorph/result.html.erb within layouts/application (0.5ms)
Completed 200 OK in 18ms (Views: 15.8ms)


Started GET "/automorph/result?utf8=%E2%9C%93&%7B%3Amin%3D%3E1%2C%20%3Amax%3D%3E100%2C%20%3Avalue%3D%3E10%7D=123&commit=%D0%9D%D0%B0%D0%B9%D1%82%D0%B8" for 127.0.0.1 at 2017-12-04 16:01:23 +0300
Processing by AutomorphController#result as JS
  Parameters: {"utf8"=>"✓", "{:min=>1, :max=>100, :value=>10}"=>"123", "commit"=>"Найти"}
  Rendering automorph/result.html.erb within layouts/application
  Rendered automorph/result.html.erb within layouts/application (0.7ms)
Completed 200 OK in 30ms (Views: 27.2ms)


Started GET "/automorph/result?utf8=%E2%9C%93&%7B%3Amin%3D%3E1%2C%20%3Amax%3D%3E100%2C%20%3Avalue%3D%3E10%7D=123&commit=%D0%9D%D0%B0%D0%B9%D1%82%D0%B8" for 127.0.0.1 at 2017-12-04 16:01:23 +0300
Processing by AutomorphController#result as JS
  Parameters: {"utf8"=>"✓", "{:min=>1, :max=>100, :value=>10}"=>"123", "commit"=>"Найти"}
  Rendering automorph/result.html.erb within layouts/application
  Rendered automorph/result.html.erb within layouts/application (0.6ms)
Completed 200 OK in 31ms (Views: 27.1ms)


Started GET "/automorph/result?utf8=%E2%9C%93&%7B%3Amin%3D%3E1%2C%20%3Amax%3D%3E100%2C%20%3Avalue%3D%3E10%7D=123&commit=%D0%9D%D0%B0%D0%B9%D1%82%D0%B8" for 127.0.0.1 at 2017-12-04 16:01:23 +0300
Processing by AutomorphController#result as JS
  Parameters: {"utf8"=>"✓", "{:min=>1, :max=>100, :value=>10}"=>"123", "commit"=>"Найти"}
  Rendering automorph/result.html.erb within layouts/application
  Rendered automorph/result.html.erb within layouts/application (2.2ms)
Completed 200 OK in 41ms (Views: 38.2ms)


Started GET "/automorph/result?utf8=%E2%9C%93&%7B%3Amin%3D%3E1%2C%20%3Amax%3D%3E100%2C%20%3Avalue%3D%3E10%7D=123&commit=%D0%9D%D0%B0%D0%B9%D1%82%D0%B8" for 127.0.0.1 at 2017-12-04 16:01:23 +0300
Processing by AutomorphController#result as JS
  Parameters: {"utf8"=>"✓", "{:min=>1, :max=>100, :value=>10}"=>"123", "commit"=>"Найти"}
  Rendering automorph/result.html.erb within layouts/application
  Rendered automorph/result.html.erb within layouts/application (0.6ms)
Completed 200 OK in 26ms (Views: 23.9ms)


Started GET "/automorph/result?utf8=%E2%9C%93&%7B%3Amin%3D%3E1%2C%20%3Amax%3D%3E100%2C%20%3Avalue%3D%3E10%7D=123&commit=%D0%9D%D0%B0%D0%B9%D1%82%D0%B8" for 127.0.0.1 at 2017-12-04 16:01:23 +0300
Processing by AutomorphController#result as JS
  Parameters: {"utf8"=>"✓", "{:min=>1, :max=>100, :value=>10}"=>"123", "commit"=>"Найти"}
  Rendering automorph/result.html.erb within layouts/application
  Rendered automorph/result.html.erb within layouts/application (0.7ms)
Completed 200 OK in 27ms (Views: 24.2ms)


Started GET "/" for 127.0.0.1 at 2017-12-04 16:04:30 +0300
Processing by AutomorphController#index as HTML
  Rendering automorph/index.html.erb within layouts/application
  Rendered automorph/index.html.erb within layouts/application (2.3ms)
Completed 200 OK in 396ms (Views: 216.4ms)


Started GET "/automorph/result?utf8=%E2%9C%93&%7B%3Amin%3D%3E1%2C%20%3Amax%3D%3E100%2C%20%3Avalue%3D%3E10%7D=1423&commit=%D0%9D%D0%B0%D0%B9%D1%82%D0%B8" for 127.0.0.1 at 2017-12-04 16:04:36 +0300
Processing by AutomorphController#result as JS
  Parameters: {"utf8"=>"✓", "{:min=>1, :max=>100, :value=>10}"=>"1423", "commit"=>"Найти"}
  Rendering automorph/result.html.erb within layouts/application
  Rendered automorph/result.html.erb within layouts/application (0.5ms)
Completed 200 OK in 38ms (Views: 35.5ms)


Started GET "/automorph/result?utf8=%E2%9C%93&%7B%3Amin%3D%3E1%2C%20%3Amax%3D%3E100%2C%20%3Avalue%3D%3E10%7D=1423&commit=%D0%9D%D0%B0%D0%B9%D1%82%D0%B8" for 127.0.0.1 at 2017-12-04 16:05:22 +0300
Processing by AutomorphController#result as JS
  Parameters: {"utf8"=>"✓", "{:min=>1, :max=>100, :value=>10}"=>"1423", "commit"=>"Найти"}
  Rendering automorph/result.html.erb within layouts/application
  Rendered automorph/result.html.erb within layouts/application (0.6ms)
Completed 200 OK in 24ms (Views: 20.1ms)


Started GET "/" for 127.0.0.1 at 2017-12-04 16:09:07 +0300
Processing by AutomorphController#index as HTML
  Rendering automorph/index.html.erb within layouts/application
  Rendered automorph/index.html.erb within layouts/application (1.7ms)
Completed 200 OK in 486ms (Views: 250.3ms)


Started GET "/automorph/result?utf8=%E2%9C%93&%7B%3Amin%3D%3E1%2C%20%3Amax%3D%3E100%2C%20%3Avalue%3D%3E10%7D=1&commit=%D0%9D%D0%B0%D0%B9%D1%82%D0%B8" for 127.0.0.1 at 2017-12-04 16:09:11 +0300
Processing by AutomorphController#result as JS
  Parameters: {"utf8"=>"✓", "{:min=>1, :max=>100, :value=>10}"=>"1", "commit"=>"Найти"}
  Rendering automorph/result.html.erb within layouts/application
  Rendered automorph/result.html.erb within layouts/application (0.9ms)
Completed 200 OK in 21ms (Views: 18.0ms)


Started GET "/" for 127.0.0.1 at 2017-12-04 16:15:23 +0300
Processing by AutomorphController#index as HTML
  Rendering automorph/index.html.erb within layouts/application
  Rendered automorph/index.html.erb within layouts/application (3.7ms)
Completed 200 OK in 426ms (Views: 188.5ms)


Started GET "/automorph/result?utf8=%E2%9C%93&%7B%3Amin%3D%3E1%2C%20%3Amax%3D%3E100%2C%20%3Avalue%3D%3E10%7D=123&commit=%D0%9D%D0%B0%D0%B9%D1%82%D0%B8" for 127.0.0.1 at 2017-12-04 16:15:26 +0300
Processing by AutomorphController#result as JS
  Parameters: {"utf8"=>"✓", "{:min=>1, :max=>100, :value=>10}"=>"123", "commit"=>"Найти"}
  Rendering automorph/result.html.erb
  Rendered automorph/result.html.erb (0.5ms)
Completed 200 OK in 10ms (Views: 6.8ms)


Started GET "/" for 127.0.0.1 at 2017-12-04 16:17:20 +0300
Processing by AutomorphController#index as HTML
  Rendering automorph/index.html.erb within layouts/application
  Rendered automorph/index.html.erb within layouts/application (2.1ms)
Completed 200 OK in 380ms (Views: 167.8ms)


Started GET "/automorph/result.json?utf8=%E2%9C%93&%7B%3Amin%3D%3E1%2C%20%3Amax%3D%3E100%2C%20%3Avalue%3D%3E10%7D=12&commit=%D0%9D%D0%B0%D0%B9%D1%82%D0%B8" for 127.0.0.1 at 2017-12-04 16:17:26 +0300
Processing by AutomorphController#result as JSON
  Parameters: {"utf8"=>"✓", "{:min=>1, :max=>100, :value=>10}"=>"12", "commit"=>"Найти"}
Completed 200 OK in 1ms (Views: 0.1ms)


Started GET "/" for 127.0.0.1 at 2017-12-04 16:22:04 +0300
Processing by AutomorphController#index as HTML
  Rendering automorph/index.html.erb within layouts/application
  Rendered automorph/index.html.erb within layouts/application (1.6ms)
Completed 200 OK in 462ms (Views: 255.3ms)


Started GET "/automorph/result.json?utf8=%E2%9C%93&number=12&commit=%D0%9D%D0%B0%D0%B9%D1%82%D0%B8" for 127.0.0.1 at 2017-12-04 16:22:11 +0300
Processing by AutomorphController#result as JSON
  Parameters: {"utf8"=>"✓", "number"=>"12", "commit"=>"Найти"}
Completed 200 OK in 1ms (Views: 0.1ms)


Started GET "/" for 127.0.0.1 at 2017-12-04 16:23:00 +0300
Processing by AutomorphController#index as HTML
  Rendering automorph/index.html.erb within layouts/application
  Rendered automorph/index.html.erb within layouts/application (1.8ms)
Completed 200 OK in 476ms (Views: 253.9ms)


Started GET "/automorph/result.json?utf8=%E2%9C%93&number=12&commit=%D0%9D%D0%B0%D0%B9%D1%82%D0%B8" for 127.0.0.1 at 2017-12-04 16:23:08 +0300
Processing by AutomorphController#result as JSON
  Parameters: {"utf8"=>"✓", "number"=>"12", "commit"=>"Найти"}
Completed 200 OK in 1ms (Views: 0.2ms)


Started GET "/automorph/result.json?utf8=%E2%9C%93&number=1&commit=%D0%9D%D0%B0%D0%B9%D1%82%D0%B8" for 127.0.0.1 at 2017-12-04 16:24:28 +0300
Processing by AutomorphController#result as JSON
  Parameters: {"utf8"=>"✓", "number"=>"1", "commit"=>"Найти"}
Completed 200 OK in 231ms (Views: 0.2ms)


Started GET "/automorph/result.json?utf8=%E2%9C%93&number=100&commit=%D0%9D%D0%B0%D0%B9%D1%82%D0%B8" for 127.0.0.1 at 2017-12-04 16:24:32 +0300
Processing by AutomorphController#result as JSON
  Parameters: {"utf8"=>"✓", "number"=>"100", "commit"=>"Найти"}
Completed 200 OK in 1ms (Views: 0.2ms)


Started GET "/automorph/result.json?utf8=%E2%9C%93&number=1000&commit=%D0%9D%D0%B0%D0%B9%D1%82%D0%B8" for 127.0.0.1 at 2017-12-04 16:24:34 +0300
Processing by AutomorphController#result as JSON
  Parameters: {"utf8"=>"✓", "number"=>"1000", "commit"=>"Найти"}
Completed 200 OK in 1ms (Views: 0.1ms)


Started GET "/automorph/result.json?utf8=%E2%9C%93&number=1&commit=%D0%9D%D0%B0%D0%B9%D1%82%D0%B8" for 127.0.0.1 at 2017-12-04 16:24:36 +0300
Processing by AutomorphController#result as JSON
  Parameters: {"utf8"=>"✓", "number"=>"1", "commit"=>"Найти"}
Completed 200 OK in 1ms (Views: 0.1ms)


Started GET "/automorph/result.json?utf8=%E2%9C%93&number=1&commit=%D0%9D%D0%B0%D0%B9%D1%82%D0%B8" for 127.0.0.1 at 2017-12-04 16:24:37 +0300
Processing by AutomorphController#result as JSON
  Parameters: {"utf8"=>"✓", "number"=>"1", "commit"=>"Найти"}
Completed 200 OK in 1ms (Views: 0.1ms)


Started GET "/automorph/result.json?utf8=%E2%9C%93&number=1&commit=%D0%9D%D0%B0%D0%B9%D1%82%D0%B8" for 127.0.0.1 at 2017-12-04 16:24:37 +0300
Processing by AutomorphController#result as JSON
  Parameters: {"utf8"=>"✓", "number"=>"1", "commit"=>"Найти"}
Completed 200 OK in 0ms (Views: 0.1ms)


Started GET "/automorph/result.json?utf8=%E2%9C%93&number=0&commit=%D0%9D%D0%B0%D0%B9%D1%82%D0%B8" for 127.0.0.1 at 2017-12-04 16:24:38 +0300
Processing by AutomorphController#result as JSON
  Parameters: {"utf8"=>"✓", "number"=>"0", "commit"=>"Найти"}
Completed 200 OK in 1ms (Views: 0.1ms)


Started GET "/automorph/result.json?utf8=%E2%9C%93&number=34567890&commit=%D0%9D%D0%B0%D0%B9%D1%82%D0%B8" for 127.0.0.1 at 2017-12-04 16:24:41 +0300
Processing by AutomorphController#result as JSON
  Parameters: {"utf8"=>"✓", "number"=>"34567890", "commit"=>"Найти"}
Completed 200 OK in 1ms (Views: 0.1ms)


Started GET "/automorph/result.json?utf8=%E2%9C%93&number=1&commit=%D0%9D%D0%B0%D0%B9%D1%82%D0%B8" for 127.0.0.1 at 2017-12-04 16:24:42 +0300
Processing by AutomorphController#result as JSON
  Parameters: {"utf8"=>"✓", "number"=>"1", "commit"=>"Найти"}
Completed 200 OK in 1ms (Views: 0.1ms)


Started GET "/automorph/result.json?utf8=%E2%9C%93&number=0&commit=%D0%9D%D0%B0%D0%B9%D1%82%D0%B8" for 127.0.0.1 at 2017-12-04 16:24:45 +0300
Processing by AutomorphController#result as JSON
  Parameters: {"utf8"=>"✓", "number"=>"0", "commit"=>"Найти"}
Completed 200 OK in 1ms (Views: 0.2ms)


Started GET "/automorph/result.json?utf8=%E2%9C%93&number=kjsfghjkhasfa&commit=%D0%9D%D0%B0%D0%B9%D1%82%D0%B8" for 127.0.0.1 at 2017-12-04 16:25:20 +0300
Processing by AutomorphController#result as JSON
  Parameters: {"utf8"=>"✓", "number"=>"kjsfghjkhasfa", "commit"=>"Найти"}
Completed 200 OK in 1ms (Views: 0.2ms)


Started GET "/automorph/result.json?utf8=%E2%9C%93&number=100&commit=%D0%9D%D0%B0%D0%B9%D1%82%D0%B8" for 127.0.0.1 at 2017-12-04 16:25:25 +0300
Processing by AutomorphController#result as JSON
  Parameters: {"utf8"=>"✓", "number"=>"100", "commit"=>"Найти"}
Completed 200 OK in 1ms (Views: 0.2ms)


Started GET "/" for 127.0.0.1 at 2017-12-04 16:38:45 +0300
Processing by AutomorphController#index as HTML
  Rendering automorph/index.html.erb within layouts/application
  Rendered automorph/index.html.erb within layouts/application (2.8ms)
Completed 200 OK in 515ms (Views: 281.7ms)


Started GET "/automorph/result.json?utf8=%E2%9C%93&number=100&commit=%D0%9D%D0%B0%D0%B9%D1%82%D0%B8" for 127.0.0.1 at 2017-12-04 16:38:49 +0300
Processing by AutomorphController#result as JSON
  Parameters: {"utf8"=>"✓", "number"=>"100", "commit"=>"Найти"}
Completed 200 OK in 1ms (Views: 0.1ms)


Started GET "/" for 127.0.0.1 at 2017-12-04 16:39:54 +0300
Processing by AutomorphController#index as HTML
  Rendering automorph/index.html.erb within layouts/application
  Rendered automorph/index.html.erb within layouts/application (2.2ms)
Completed 200 OK in 409ms (Views: 183.8ms)


Started GET "/automorph/result.json?utf8=%E2%9C%93&number=9&commit=%D0%9D%D0%B0%D0%B9%D1%82%D0%B8" for 127.0.0.1 at 2017-12-04 16:40:03 +0300
Processing by AutomorphController#result as JSON
  Parameters: {"utf8"=>"✓", "number"=>"9", "commit"=>"Найти"}
Completed 200 OK in 1ms (Views: 0.3ms)


Started GET "/automorph/result.json?utf8=%E2%9C%93&number=9&commit=%D0%9D%D0%B0%D0%B9%D1%82%D0%B8" for 127.0.0.1 at 2017-12-04 16:40:06 +0300
Processing by AutomorphController#result as JSON
  Parameters: {"utf8"=>"✓", "number"=>"9", "commit"=>"Найти"}
Completed 200 OK in 1ms (Views: 0.1ms)


Started GET "/automorph/result.json?utf8=%E2%9C%93&number=9&commit=%D0%9D%D0%B0%D0%B9%D1%82%D0%B8" for 127.0.0.1 at 2017-12-04 16:40:06 +0300
Processing by AutomorphController#result as JSON
  Parameters: {"utf8"=>"✓", "number"=>"9", "commit"=>"Найти"}
Completed 200 OK in 1ms (Views: 0.1ms)


Started GET "/automorph/result.json?utf8=%E2%9C%93&number=9&commit=%D0%9D%D0%B0%D0%B9%D1%82%D0%B8" for 127.0.0.1 at 2017-12-04 16:40:06 +0300
Processing by AutomorphController#result as JSON
  Parameters: {"utf8"=>"✓", "number"=>"9", "commit"=>"Найти"}
Completed 200 OK in 1ms (Views: 0.1ms)


Started GET "/automorph/result.json?utf8=%E2%9C%93&number=9&commit=%D0%9D%D0%B0%D0%B9%D1%82%D0%B8" for 127.0.0.1 at 2017-12-04 16:40:07 +0300
Processing by AutomorphController#result as JSON
  Parameters: {"utf8"=>"✓", "number"=>"9", "commit"=>"Найти"}
Completed 200 OK in 1ms (Views: 0.2ms)


Started GET "/automorph/result.json?utf8=%E2%9C%93&number=10&commit=%D0%9D%D0%B0%D0%B9%D1%82%D0%B8" for 127.0.0.1 at 2017-12-04 16:40:10 +0300
Processing by AutomorphController#result as JSON
  Parameters: {"utf8"=>"✓", "number"=>"10", "commit"=>"Найти"}
Completed 200 OK in 1ms (Views: 0.1ms)


Started GET "/automorph/result.json?utf8=%E2%9C%93&number=10&commit=%D0%9D%D0%B0%D0%B9%D1%82%D0%B8" for 127.0.0.1 at 2017-12-04 16:41:02 +0300
Processing by AutomorphController#result as JSON
  Parameters: {"utf8"=>"✓", "number"=>"10", "commit"=>"Найти"}
Completed 200 OK in 1ms (Views: 0.1ms)


Started GET "/automorph/result.json?utf8=%E2%9C%93&number=10&commit=%D0%9D%D0%B0%D0%B9%D1%82%D0%B8" for 127.0.0.1 at 2017-12-04 16:41:03 +0300
Processing by AutomorphController#result as JSON
  Parameters: {"utf8"=>"✓", "number"=>"10", "commit"=>"Найти"}
Completed 200 OK in 1ms (Views: 0.1ms)


Started GET "/automorph/result.json?utf8=%E2%9C%93&number=10&commit=%D0%9D%D0%B0%D0%B9%D1%82%D0%B8" for 127.0.0.1 at 2017-12-04 16:41:03 +0300
Processing by AutomorphController#result as JSON
  Parameters: {"utf8"=>"✓", "number"=>"10", "commit"=>"Найти"}
Completed 200 OK in 1ms (Views: 0.1ms)


Started GET "/automorph/result.json?utf8=%E2%9C%93&number=10&commit=%D0%9D%D0%B0%D0%B9%D1%82%D0%B8" for 127.0.0.1 at 2017-12-04 16:41:03 +0300
Processing by AutomorphController#result as JSON
  Parameters: {"utf8"=>"✓", "number"=>"10", "commit"=>"Найти"}
Completed 200 OK in 1ms (Views: 0.1ms)


Started GET "/automorph/result.json?utf8=%E2%9C%93&number=10&commit=%D0%9D%D0%B0%D0%B9%D1%82%D0%B8" for 127.0.0.1 at 2017-12-04 16:41:04 +0300
Processing by AutomorphController#result as JSON
  Parameters: {"utf8"=>"✓", "number"=>"10", "commit"=>"Найти"}
Completed 200 OK in 1ms (Views: 0.1ms)


Started GET "/automorph/result.json?utf8=%E2%9C%93&number=10&commit=%D0%9D%D0%B0%D0%B9%D1%82%D0%B8" for 127.0.0.1 at 2017-12-04 16:41:04 +0300
Processing by AutomorphController#result as JSON
  Parameters: {"utf8"=>"✓", "number"=>"10", "commit"=>"Найти"}
Completed 200 OK in 1ms (Views: 0.1ms)


Started GET "/automorph/result.json?utf8=%E2%9C%93&number=10&commit=%D0%9D%D0%B0%D0%B9%D1%82%D0%B8" for 127.0.0.1 at 2017-12-04 16:41:04 +0300
Processing by AutomorphController#result as JSON
  Parameters: {"utf8"=>"✓", "number"=>"10", "commit"=>"Найти"}
Completed 200 OK in 1ms (Views: 0.1ms)


Started GET "/automorph/result.json?utf8=%E2%9C%93&number=10&commit=%D0%9D%D0%B0%D0%B9%D1%82%D0%B8" for 127.0.0.1 at 2017-12-04 16:41:04 +0300
Processing by AutomorphController#result as JSON
  Parameters: {"utf8"=>"✓", "number"=>"10", "commit"=>"Найти"}
Completed 200 OK in 1ms (Views: 0.1ms)


Started GET "/automorph/result.json?utf8=%E2%9C%93&number=10&commit=%D0%9D%D0%B0%D0%B9%D1%82%D0%B8" for 127.0.0.1 at 2017-12-04 16:41:04 +0300
Processing by AutomorphController#result as JSON
  Parameters: {"utf8"=>"✓", "number"=>"10", "commit"=>"Найти"}
Completed 200 OK in 1ms (Views: 0.1ms)


Started GET "/" for 127.0.0.1 at 2017-12-04 16:41:46 +0300
Processing by AutomorphController#index as HTML
  Rendering automorph/index.html.erb within layouts/application
  Rendered automorph/index.html.erb within layouts/application (1.8ms)
Completed 200 OK in 488ms (Views: 267.6ms)


Started GET "/automorph/result.json?utf8=%E2%9C%93&number=10&commit=%D0%9D%D0%B0%D0%B9%D1%82%D0%B8" for 127.0.0.1 at 2017-12-04 16:41:48 +0300
Processing by AutomorphController#result as JSON
  Parameters: {"utf8"=>"✓", "number"=>"10", "commit"=>"Найти"}
Completed 200 OK in 1ms (Views: 0.2ms)


Started GET "/" for 127.0.0.1 at 2017-12-04 16:42:12 +0300
Processing by AutomorphController#index as HTML
  Rendering automorph/index.html.erb within layouts/application
  Rendered automorph/index.html.erb within layouts/application (0.9ms)
Completed 200 OK in 98ms (Views: 95.3ms)


Started GET "/automorph/result.json?utf8=%E2%9C%93&number=10&commit=%D0%9D%D0%B0%D0%B9%D1%82%D0%B8" for 127.0.0.1 at 2017-12-04 16:42:14 +0300
Processing by AutomorphController#result as JSON
  Parameters: {"utf8"=>"✓", "number"=>"10", "commit"=>"Найти"}
Completed 200 OK in 1ms (Views: 0.1ms)


Started GET "/" for 127.0.0.1 at 2017-12-04 16:42:23 +0300
Processing by AutomorphController#index as HTML
  Rendering automorph/index.html.erb within layouts/application
  Rendered automorph/index.html.erb within layouts/application (1.9ms)
Completed 200 OK in 446ms (Views: 221.9ms)


Started GET "/automorph/result.json?utf8=%E2%9C%93&number=10&commit=%D0%9D%D0%B0%D0%B9%D1%82%D0%B8" for 127.0.0.1 at 2017-12-04 16:42:27 +0300
Processing by AutomorphController#result as JSON
  Parameters: {"utf8"=>"✓", "number"=>"10", "commit"=>"Найти"}
Completed 200 OK in 1ms (Views: 0.2ms)


Started GET "/" for 127.0.0.1 at 2017-12-04 16:43:40 +0300
Processing by AutomorphController#index as HTML
  Rendering automorph/index.html.erb within layouts/application
  Rendered automorph/index.html.erb within layouts/application (1.5ms)
Completed 200 OK in 420ms (Views: 180.2ms)


Started GET "/automorph/result.json?utf8=%E2%9C%93&number=10&commit=%D0%9D%D0%B0%D0%B9%D1%82%D0%B8" for 127.0.0.1 at 2017-12-04 16:43:42 +0300
Processing by AutomorphController#result as JSON
  Parameters: {"utf8"=>"✓", "number"=>"10", "commit"=>"Найти"}
Completed 200 OK in 1ms (Views: 0.3ms)


Started GET "/" for 127.0.0.1 at 2017-12-04 16:43:48 +0300
Processing by AutomorphController#index as HTML
  Rendering automorph/index.html.erb within layouts/application
  Rendered automorph/index.html.erb within layouts/application (1.0ms)
Completed 200 OK in 35ms (Views: 32.5ms)


Started GET "/automorph/result.json?utf8=%E2%9C%93&number=10&commit=%D0%9D%D0%B0%D0%B9%D1%82%D0%B8" for 127.0.0.1 at 2017-12-04 16:43:50 +0300
Processing by AutomorphController#result as JSON
  Parameters: {"utf8"=>"✓", "number"=>"10", "commit"=>"Найти"}
Completed 200 OK in 1ms (Views: 0.1ms)


Started GET "/" for 127.0.0.1 at 2017-12-04 16:43:58 +0300
Processing by AutomorphController#index as HTML
  Rendering automorph/index.html.erb within layouts/application
  Rendered automorph/index.html.erb within layouts/application (1.8ms)
Completed 200 OK in 399ms (Views: 168.4ms)


Started GET "/" for 127.0.0.1 at 2017-12-04 16:44:01 +0300
Processing by AutomorphController#index as HTML
  Rendering automorph/index.html.erb within layouts/application
  Rendered automorph/index.html.erb within layouts/application (0.6ms)
Completed 200 OK in 24ms (Views: 17.8ms)


Started GET "/" for 127.0.0.1 at 2017-12-04 16:44:05 +0300
Processing by AutomorphController#index as HTML
  Rendering automorph/index.html.erb within layouts/application
  Rendered automorph/index.html.erb within layouts/application (1.0ms)
Completed 200 OK in 36ms (Views: 32.9ms)


Started GET "/" for 127.0.0.1 at 2017-12-04 16:44:05 +0300
Processing by AutomorphController#index as HTML
  Rendering automorph/index.html.erb within layouts/application
  Rendered automorph/index.html.erb within layouts/application (0.8ms)
Completed 200 OK in 24ms (Views: 21.4ms)


Started GET "/" for 127.0.0.1 at 2017-12-04 16:44:05 +0300
Processing by AutomorphController#index as HTML
  Rendering automorph/index.html.erb within layouts/application
  Rendered automorph/index.html.erb within layouts/application (1.1ms)
Completed 200 OK in 56ms (Views: 53.2ms)


Started GET "/" for 127.0.0.1 at 2017-12-04 16:44:05 +0300
Processing by AutomorphController#index as HTML
  Rendering automorph/index.html.erb within layouts/application
  Rendered automorph/index.html.erb within layouts/application (0.6ms)
Completed 200 OK in 20ms (Views: 18.3ms)


Started GET "/" for 127.0.0.1 at 2017-12-04 16:44:10 +0300
Processing by AutomorphController#index as HTML
  Rendering automorph/index.html.erb within layouts/application
  Rendered automorph/index.html.erb within layouts/application (1.0ms)
Completed 200 OK in 94ms (Views: 91.4ms)


Started GET "/" for 127.0.0.1 at 2017-12-04 16:44:36 +0300
Processing by AutomorphController#index as HTML
  Rendering automorph/index.html.erb within layouts/application
  Rendered automorph/index.html.erb within layouts/application (2.0ms)
Completed 200 OK in 467ms (Views: 248.3ms)


Started GET "/automorph/result.json?utf8=%E2%9C%93&number=10&commit=%D0%9D%D0%B0%D0%B9%D1%82%D0%B8" for 127.0.0.1 at 2017-12-04 16:44:39 +0300
Processing by AutomorphController#result as JSON
  Parameters: {"utf8"=>"✓", "number"=>"10", "commit"=>"Найти"}
Completed 200 OK in 1ms (Views: 0.2ms)


Started GET "/automorph/result.json?utf8=%E2%9C%93&number=100&commit=%D0%9D%D0%B0%D0%B9%D1%82%D0%B8" for 127.0.0.1 at 2017-12-04 16:44:52 +0300
Processing by AutomorphController#result as JSON
  Parameters: {"utf8"=>"✓", "number"=>"100", "commit"=>"Найти"}
Completed 200 OK in 1ms (Views: 0.1ms)


Started GET "/automorph/result.json?utf8=%E2%9C%93&number=100&commit=%D0%9D%D0%B0%D0%B9%D1%82%D0%B8" for 127.0.0.1 at 2017-12-04 16:44:58 +0300
Processing by AutomorphController#result as JSON
  Parameters: {"utf8"=>"✓", "number"=>"100", "commit"=>"Найти"}
Completed 200 OK in 1ms (Views: 0.1ms)


Started GET "/automorph/result.json?utf8=%E2%9C%93&number=100&commit=%D0%9D%D0%B0%D0%B9%D1%82%D0%B8" for 127.0.0.1 at 2017-12-04 16:44:59 +0300
Processing by AutomorphController#result as JSON
  Parameters: {"utf8"=>"✓", "number"=>"100", "commit"=>"Найти"}
Completed 200 OK in 1ms (Views: 0.1ms)


Started GET "/automorph/result.json?utf8=%E2%9C%93&number=100&commit=%D0%9D%D0%B0%D0%B9%D1%82%D0%B8" for 127.0.0.1 at 2017-12-04 16:44:59 +0300
Processing by AutomorphController#result as JSON
  Parameters: {"utf8"=>"✓", "number"=>"100", "commit"=>"Найти"}
Completed 200 OK in 1ms (Views: 0.2ms)


Started GET "/" for 127.0.0.1 at 2017-12-04 17:21:13 +0300
Processing by AutomorphController#index as HTML
  Rendering automorph/index.html.erb within layouts/application
  Rendered automorph/index.html.erb within layouts/application (6.7ms)
Completed 200 OK in 224ms (Views: 215.9ms)


Started GET "/" for 127.0.0.1 at 2017-12-04 17:21:19 +0300
Processing by AutomorphController#index as HTML
  Rendering automorph/index.html.erb within layouts/application
  Rendered automorph/index.html.erb within layouts/application (1.9ms)
Completed 200 OK in 473ms (Views: 249.3ms)


Started GET "/automorph/result.json?utf8=%E2%9C%93&number=10&commit=%D0%9D%D0%B0%D0%B9%D1%82%D0%B8" for 127.0.0.1 at 2017-12-04 17:21:21 +0300
Processing by AutomorphController#result as JSON
  Parameters: {"utf8"=>"✓", "number"=>"10", "commit"=>"Найти"}
Completed 200 OK in 1ms (Views: 0.2ms)


Started GET "/automorph/result.json?utf8=%E2%9C%93&number=7&commit=%D0%9D%D0%B0%D0%B9%D1%82%D0%B8" for 127.0.0.1 at 2017-12-04 17:21:27 +0300
Processing by AutomorphController#result as JSON
  Parameters: {"utf8"=>"✓", "number"=>"7", "commit"=>"Найти"}
Completed 200 OK in 1ms (Views: 0.1ms)


Started GET "/automorph/result.json?utf8=%E2%9C%93&number=100&commit=%D0%9D%D0%B0%D0%B9%D1%82%D0%B8" for 127.0.0.1 at 2017-12-04 17:21:35 +0300
Processing by AutomorphController#result as JSON
  Parameters: {"utf8"=>"✓", "number"=>"100", "commit"=>"Найти"}
Completed 200 OK in 2ms (Views: 0.4ms)


Started GET "/" for 127.0.0.1 at 2017-12-04 17:21:51 +0300
Processing by AutomorphController#index as HTML
  Rendering automorph/index.html.erb within layouts/application
  Rendered automorph/index.html.erb within layouts/application (1.2ms)
Completed 200 OK in 46ms (Views: 36.5ms)


Started GET "/automorph/result.json?utf8=%E2%9C%93&number=10&commit=%D0%9D%D0%B0%D0%B9%D1%82%D0%B8" for 127.0.0.1 at 2017-12-04 17:21:54 +0300
Processing by AutomorphController#result as JSON
  Parameters: {"utf8"=>"✓", "number"=>"10", "commit"=>"Найти"}
Completed 200 OK in 1ms (Views: 0.1ms)


Started GET "/automorph/result.json?utf8=%E2%9C%93&number=0&commit=%D0%9D%D0%B0%D0%B9%D1%82%D0%B8" for 127.0.0.1 at 2017-12-04 17:22:03 +0300
Processing by AutomorphController#result as JSON
  Parameters: {"utf8"=>"✓", "number"=>"0", "commit"=>"Найти"}
Completed 200 OK in 1ms (Views: 0.1ms)


Started GET "/automorph/result.json?utf8=%E2%9C%93&number=1000&commit=%D0%9D%D0%B0%D0%B9%D1%82%D0%B8" for 127.0.0.1 at 2017-12-04 17:22:06 +0300
Processing by AutomorphController#result as JSON
  Parameters: {"utf8"=>"✓", "number"=>"1000", "commit"=>"Найти"}
Completed 200 OK in 1ms (Views: 0.1ms)


Started GET "/automorph/result.json?utf8=%E2%9C%93&number=lhsdfkjas&commit=%D0%9D%D0%B0%D0%B9%D1%82%D0%B8" for 127.0.0.1 at 2017-12-04 17:22:09 +0300
Processing by AutomorphController#result as JSON
  Parameters: {"utf8"=>"✓", "number"=>"lhsdfkjas", "commit"=>"Найти"}
Completed 200 OK in 1ms (Views: 0.4ms)


Started GET "/" for 127.0.0.1 at 2017-12-05 04:06:52 +0300
Processing by AutomorphController#index as HTML
  Rendering automorph/index.html.erb within layouts/application
  Rendered automorph/index.html.erb within layouts/application (1.8ms)
Completed 200 OK in 449ms (Views: 223.7ms)


Started GET "/automorph/result.json?utf8=%E2%9C%93&number=10&commit=%D0%9D%D0%B0%D0%B9%D1%82%D0%B8" for 127.0.0.1 at 2017-12-05 04:06:55 +0300
Processing by AutomorphController#result as JSON
  Parameters: {"utf8"=>"✓", "number"=>"10", "commit"=>"Найти"}
Completed 200 OK in 1ms (Views: 0.1ms)


Started GET "/" for 127.0.0.1 at 2017-12-05 04:06:57 +0300
Processing by AutomorphController#index as HTML
  Rendering automorph/index.html.erb within layouts/application
  Rendered automorph/index.html.erb within layouts/application (0.6ms)
Completed 200 OK in 23ms (Views: 19.8ms)


Started GET "/automorph/result.json?utf8=%E2%9C%93&number=&commit=%D0%9D%D0%B0%D0%B9%D1%82%D0%B8" for 127.0.0.1 at 2017-12-05 04:07:04 +0300
Processing by AutomorphController#result as JSON
  Parameters: {"utf8"=>"✓", "number"=>"", "commit"=>"Найти"}
Completed 200 OK in 1ms (Views: 0.2ms)


Started GET "/" for 127.0.0.1 at 2017-12-09 20:13:20 +0300
Processing by AutomorphController#index as HTML
  Rendering automorph/index.html.erb within layouts/application
  Rendered automorph/index.html.erb within layouts/application (1.8ms)
Completed 200 OK in 657ms (Views: 411.2ms)


Started GET "/result.rss?number=1" for 127.0.0.1 at 2017-12-09 20:13:42 +0300
  
ActionController::RoutingError (No route matches [GET] "/result.rss"):
  
actionpack (5.1.4) lib/action_dispatch/middleware/debug_exceptions.rb:63:in `call'
web-console (3.5.1) lib/web_console/middleware.rb:135:in `call_app'
web-console (3.5.1) lib/web_console/middleware.rb:28:in `block in call'
web-console (3.5.1) lib/web_console/middleware.rb:18:in `catch'
web-console (3.5.1) lib/web_console/middleware.rb:18:in `call'
actionpack (5.1.4) lib/action_dispatch/middleware/show_exceptions.rb:31:in `call'
railties (5.1.4) lib/rails/rack/logger.rb:36:in `call_app'
railties (5.1.4) lib/rails/rack/logger.rb:24:in `block in call'
activesupport (5.1.4) lib/active_support/tagged_logging.rb:69:in `block in tagged'
activesupport (5.1.4) lib/active_support/tagged_logging.rb:26:in `tagged'
activesupport (5.1.4) lib/active_support/tagged_logging.rb:69:in `tagged'
railties (5.1.4) lib/rails/rack/logger.rb:24:in `call'
sprockets-rails (3.2.1) lib/sprockets/rails/quiet_assets.rb:13:in `call'
actionpack (5.1.4) lib/action_dispatch/middleware/remote_ip.rb:79:in `call'
actionpack (5.1.4) lib/action_dispatch/middleware/request_id.rb:25:in `call'
rack (2.0.3) lib/rack/method_override.rb:22:in `call'
rack (2.0.3) lib/rack/runtime.rb:22:in `call'
activesupport (5.1.4) lib/active_support/cache/strategy/local_cache_middleware.rb:27:in `call'
actionpack (5.1.4) lib/action_dispatch/middleware/executor.rb:12:in `call'
actionpack (5.1.4) lib/action_dispatch/middleware/static.rb:125:in `call'
rack (2.0.3) lib/rack/sendfile.rb:111:in `call'
railties (5.1.4) lib/rails/engine.rb:522:in `call'
puma (3.11.0) lib/puma/configuration.rb:225:in `call'
puma (3.11.0) lib/puma/server.rb:624:in `handle_request'
puma (3.11.0) lib/puma/server.rb:438:in `process_client'
puma (3.11.0) lib/puma/server.rb:302:in `block in run'
puma (3.11.0) lib/puma/thread_pool.rb:120:in `block in spawn_thread'
Started GET "/automorph/result.rss?number=1" for 127.0.0.1 at 2017-12-09 20:14:27 +0300
Processing by AutomorphController#result as RSS
  Parameters: {"number"=>"1"}
Completed 200 OK in 21ms (Views: 19.6ms)


Started GET "/automorph/result.rss?number=1" for 127.0.0.1 at 2017-12-09 20:18:21 +0300
Processing by AutomorphController#result as RSS
  Parameters: {"number"=>"1"}
Completed 200 OK in 11ms (Views: 3.0ms)


Started GET "/automorph/favicon.ico" for 127.0.0.1 at 2017-12-09 20:32:28 +0300
  
ActionController::RoutingError (No route matches [GET] "/automorph/favicon.ico"):
  
actionpack (5.1.4) lib/action_dispatch/middleware/debug_exceptions.rb:63:in `call'
web-console (3.5.1) lib/web_console/middleware.rb:135:in `call_app'
web-console (3.5.1) lib/web_console/middleware.rb:28:in `block in call'
web-console (3.5.1) lib/web_console/middleware.rb:18:in `catch'
web-console (3.5.1) lib/web_console/middleware.rb:18:in `call'
actionpack (5.1.4) lib/action_dispatch/middleware/show_exceptions.rb:31:in `call'
railties (5.1.4) lib/rails/rack/logger.rb:36:in `call_app'
railties (5.1.4) lib/rails/rack/logger.rb:24:in `block in call'
activesupport (5.1.4) lib/active_support/tagged_logging.rb:69:in `block in tagged'
activesupport (5.1.4) lib/active_support/tagged_logging.rb:26:in `tagged'
activesupport (5.1.4) lib/active_support/tagged_logging.rb:69:in `tagged'
railties (5.1.4) lib/rails/rack/logger.rb:24:in `call'
sprockets-rails (3.2.1) lib/sprockets/rails/quiet_assets.rb:13:in `call'
actionpack (5.1.4) lib/action_dispatch/middleware/remote_ip.rb:79:in `call'
actionpack (5.1.4) lib/action_dispatch/middleware/request_id.rb:25:in `call'
rack (2.0.3) lib/rack/method_override.rb:22:in `call'
rack (2.0.3) lib/rack/runtime.rb:22:in `call'
activesupport (5.1.4) lib/active_support/cache/strategy/local_cache_middleware.rb:27:in `call'
actionpack (5.1.4) lib/action_dispatch/middleware/executor.rb:12:in `call'
actionpack (5.1.4) lib/action_dispatch/middleware/static.rb:125:in `call'
rack (2.0.3) lib/rack/sendfile.rb:111:in `call'
railties (5.1.4) lib/rails/engine.rb:522:in `call'
puma (3.11.0) lib/puma/configuration.rb:225:in `call'
puma (3.11.0) lib/puma/server.rb:624:in `handle_request'
puma (3.11.0) lib/puma/server.rb:438:in `process_client'
puma (3.11.0) lib/puma/server.rb:302:in `block in run'
puma (3.11.0) lib/puma/thread_pool.rb:120:in `block in spawn_thread'
Started GET "/automorph/result.rss?number=100" for 127.0.0.1 at 2017-12-09 20:33:54 +0300
Processing by AutomorphController#result as RSS
  Parameters: {"number"=>"100"}
Completed 200 OK in 6ms (Views: 2.6ms)


Started GET "/automorph/result.rss?number=1001" for 127.0.0.1 at 2017-12-09 20:34:00 +0300
Processing by AutomorphController#result as RSS
  Parameters: {"number"=>"1001"}
Completed 200 OK in 2ms (Views: 1.6ms)


Started GET "/automorph/result.rss?number=100" for 127.0.0.1 at 2017-12-09 20:34:04 +0300
Processing by AutomorphController#result as RSS
  Parameters: {"number"=>"100"}
Completed 200 OK in 3ms (Views: 1.8ms)


Started GET "/automorph/result.rss?number=100" for 127.0.0.1 at 2017-12-09 20:34:29 +0300
Processing by AutomorphController#result as RSS
  Parameters: {"number"=>"100"}
Completed 200 OK in 254ms (Views: 12.6ms)


Started GET "/automorph/result.rss?number=100" for 127.0.0.1 at 2017-12-09 20:34:38 +0300
Processing by AutomorphController#result as RSS
  Parameters: {"number"=>"100"}
Completed 200 OK in 1ms (Views: 0.6ms)


Started GET "/automorph/result.rss?number=1001" for 127.0.0.1 at 2017-12-09 20:50:41 +0300
Processing by AutomorphController#result as RSS
  Parameters: {"number"=>"1001"}
Completed 200 OK in 11ms (Views: 5.5ms)


Started GET "/automorph.xml&number=10" for 127.0.0.1 at 2017-12-11 07:38:11 +0300
  
ActionController::RoutingError (No route matches [GET] "/automorph.xml&number=10"):
  
actionpack (5.1.4) lib/action_dispatch/middleware/debug_exceptions.rb:63:in `call'
web-console (3.5.1) lib/web_console/middleware.rb:135:in `call_app'
web-console (3.5.1) lib/web_console/middleware.rb:28:in `block in call'
web-console (3.5.1) lib/web_console/middleware.rb:18:in `catch'
web-console (3.5.1) lib/web_console/middleware.rb:18:in `call'
actionpack (5.1.4) lib/action_dispatch/middleware/show_exceptions.rb:31:in `call'
railties (5.1.4) lib/rails/rack/logger.rb:36:in `call_app'
railties (5.1.4) lib/rails/rack/logger.rb:24:in `block in call'
activesupport (5.1.4) lib/active_support/tagged_logging.rb:69:in `block in tagged'
activesupport (5.1.4) lib/active_support/tagged_logging.rb:26:in `tagged'
activesupport (5.1.4) lib/active_support/tagged_logging.rb:69:in `tagged'
railties (5.1.4) lib/rails/rack/logger.rb:24:in `call'
sprockets-rails (3.2.1) lib/sprockets/rails/quiet_assets.rb:13:in `call'
actionpack (5.1.4) lib/action_dispatch/middleware/remote_ip.rb:79:in `call'
actionpack (5.1.4) lib/action_dispatch/middleware/request_id.rb:25:in `call'
rack (2.0.3) lib/rack/method_override.rb:22:in `call'
rack (2.0.3) lib/rack/runtime.rb:22:in `call'
activesupport (5.1.4) lib/active_support/cache/strategy/local_cache_middleware.rb:27:in `call'
actionpack (5.1.4) lib/action_dispatch/middleware/executor.rb:12:in `call'
actionpack (5.1.4) lib/action_dispatch/middleware/static.rb:125:in `call'
rack (2.0.3) lib/rack/sendfile.rb:111:in `call'
railties (5.1.4) lib/rails/engine.rb:522:in `call'
puma (3.11.0) lib/puma/configuration.rb:225:in `call'
puma (3.11.0) lib/puma/server.rb:624:in `handle_request'
puma (3.11.0) lib/puma/server.rb:438:in `process_client'
puma (3.11.0) lib/puma/server.rb:302:in `block in run'
puma (3.11.0) lib/puma/thread_pool.rb:120:in `block in spawn_thread'
Started GET "/automorph/result.xml&number=10" for 127.0.0.1 at 2017-12-11 07:40:03 +0300
Processing by AutomorphController#result as 
Started GET "/automorph/result.xml&number=10" for 127.0.0.1 at 2017-12-11 07:40:03 +0300
Processing by AutomorphController#result as 
Completed 406 Not Acceptable in 223ms


Completed 406 Not Acceptable in 40ms


  
  
ActionController::UnknownFormat (ActionController::UnknownFormat):
ActionController::UnknownFormat (ActionController::UnknownFormat):
  
  
app/controllers/automorph_controller.rb:24:in `result'
app/controllers/automorph_controller.rb:24:in `result'
Started GET "/automorph/result.xml&number=10" for 127.0.0.1 at 2017-12-11 07:41:37 +0300
Processing by AutomorphController#result as 
Completed 406 Not Acceptable in 2ms


  
ActionController::UnknownFormat (ActionController::UnknownFormat):
  
app/controllers/automorph_controller.rb:24:in `result'
Started GET "/automorph/result.xml?number=10" for 127.0.0.1 at 2017-12-11 07:42:16 +0300
Processing by AutomorphController#result as XML
  Parameters: {"number"=>"10"}
Completed 200 OK in 19ms (Views: 18.6ms)


Started GET "/automorph/result.xml?number=10" for 127.0.0.1 at 2017-12-11 07:45:38 +0300
Processing by AutomorphController#result as XML
  Parameters: {"number"=>"10"}
Completed 200 OK in 1ms (Views: 0.4ms)


Started GET "/automorph/result.xml?number=10" for 127.0.0.1 at 2017-12-11 07:46:02 +0300
Processing by AutomorphController#result as XML
  Parameters: {"number"=>"10"}
Completed 200 OK in 1ms (Views: 0.8ms)


Started GET "/automorph/result.xml?number=10" for 127.0.0.1 at 2017-12-11 07:46:11 +0300
Processing by AutomorphController#result as XML
  Parameters: {"number"=>"10"}
Completed 200 OK in 1ms (Views: 0.5ms)


Started GET "/automorph/result.xml?number=10" for 127.0.0.1 at 2017-12-11 07:52:45 +0300
Processing by AutomorphController#result as XML
  Parameters: {"number"=>"10"}
Completed 200 OK in 12ms (Views: 4.1ms)


Started GET "/automorph/result.xml?number=10" for 127.0.0.1 at 2017-12-11 07:54:21 +0300
Processing by AutomorphController#result as XML
  Parameters: {"number"=>"10"}
Completed 200 OK in 1ms (Views: 0.8ms)


Started GET "/automorph/result.xml?number=10" for 127.0.0.1 at 2017-12-11 07:54:25 +0300
Processing by AutomorphController#result as XML
  Parameters: {"number"=>"10"}
Completed 200 OK in 1ms (Views: 0.7ms)


Started GET "/automorph/result.xml?number=10" for 127.0.0.1 at 2017-12-11 07:56:03 +0300
Processing by AutomorphController#result as XML
  Parameters: {"number"=>"10"}
Completed 200 OK in 1ms (Views: 0.7ms)


Started GET "/automorph/result.xml?number=" for 127.0.0.1 at 2017-12-11 07:59:48 +0300
Processing by AutomorphController#result as XML
  Parameters: {"number"=>""}
Completed 200 OK in 2ms (Views: 0.3ms)


Started GET "/automorph/result.xml?number=" for 127.0.0.1 at 2017-12-11 07:59:55 +0300
Processing by AutomorphController#result as XML
  Parameters: {"number"=>""}
Completed 200 OK in 1ms (Views: 0.4ms)


Started GET "/automorph/result.xml?number=" for 127.0.0.1 at 2017-12-11 08:00:15 +0300
Processing by AutomorphController#result as XML
  Parameters: {"number"=>""}
Completed 200 OK in 3ms (Views: 1.3ms)


Started GET "/automorph/result.rss?number=1001" for 127.0.0.1 at 2017-12-11 08:03:10 +0300
Processing by AutomorphController#result as RSS
  Parameters: {"number"=>"1001"}
Completed 200 OK in 1ms (Views: 0.6ms)


Started GET "/automorph/result.rss?number=101" for 127.0.0.1 at 2017-12-11 08:04:26 +0300
Processing by AutomorphController#result as RSS
  Parameters: {"number"=>"101"}
Completed 200 OK in 1ms (Views: 0.6ms)


Started GET "/automorph/result.rss?number=100" for 127.0.0.1 at 2017-12-11 08:04:49 +0300
Processing by AutomorphController#result as RSS
  Parameters: {"number"=>"100"}
Completed 200 OK in 3ms (Views: 1.3ms)


Started GET "/automorph/result.rss?number=1001" for 127.0.0.1 at 2017-12-11 08:05:32 +0300
Processing by AutomorphController#result as RSS
  Parameters: {"number"=>"1001"}
Completed 200 OK in 1ms (Views: 0.3ms)


Started GET "/automorph/result.xml?number=10" for 127.0.0.1 at 2017-12-11 08:07:22 +0300
Processing by AutomorphController#result as XML
  Parameters: {"number"=>"10"}
Completed 200 OK in 2ms (Views: 1.6ms)


Started GET "/automorph/result.xml?number=10" for 127.0.0.1 at 2017-12-11 08:07:25 +0300
Processing by AutomorphController#result as XML
  Parameters: {"number"=>"10"}
Completed 200 OK in 2ms (Views: 0.8ms)


Started GET "/automorph/result.xml?number=" for 127.0.0.1 at 2017-12-11 08:07:38 +0300
Processing by AutomorphController#result as XML
  Parameters: {"number"=>""}
Completed 200 OK in 1ms (Views: 0.4ms)


Started GET "/automorph/result.xml?number=" for 127.0.0.1 at 2017-12-11 08:07:44 +0300
Processing by AutomorphController#result as XML
  Parameters: {"number"=>""}
Completed 200 OK in 2ms (Views: 0.3ms)


Started GET "/automorph/result.xml?number=" for 127.0.0.1 at 2017-12-11 08:07:48 +0300
Processing by AutomorphController#result as XML
  Parameters: {"number"=>""}
Completed 200 OK in 1ms (Views: 0.4ms)


Started GET "/automorph/result.xml?number=" for 127.0.0.1 at 2017-12-11 08:07:51 +0300
Processing by AutomorphController#result as XML
  Parameters: {"number"=>""}
Completed 200 OK in 3ms (Views: 0.6ms)


Started GET "/automorph/result.xml?number=100" for 127.0.0.1 at 2017-12-11 08:07:56 +0300
Processing by AutomorphController#result as XML
  Parameters: {"number"=>"100"}
Completed 200 OK in 3ms (Views: 2.3ms)


Started GET "/automorph/result.xml?number=100" for 127.0.0.1 at 2017-12-11 08:08:01 +0300
Processing by AutomorphController#result as XML
  Parameters: {"number"=>"100"}
Completed 200 OK in 2ms (Views: 1.0ms)


Started GET "/automorph/result.xml?number=" for 127.0.0.1 at 2017-12-11 08:08:05 +0300
Processing by AutomorphController#result as XML
  Parameters: {"number"=>""}
Completed 200 OK in 2ms (Views: 0.7ms)


Started GET "/automorph/result.xml?number=1" for 127.0.0.1 at 2017-12-11 08:08:29 +0300
Processing by AutomorphController#result as XML
  Parameters: {"number"=>"1"}
Completed 200 OK in 2ms (Views: 0.8ms)


Started GET "/automorph/result.rss?number=10" for 127.0.0.1 at 2017-12-11 08:08:50 +0300
Processing by AutomorphController#result as RSS
  Parameters: {"number"=>"10"}
Completed 200 OK in 2ms (Views: 0.7ms)


Started GET "/automorph/result.xml?number=1" for 127.0.0.1 at 2017-12-11 08:09:38 +0300
Processing by AutomorphController#result as XML
  Parameters: {"number"=>"1"}
Completed 200 OK in 1ms (Views: 0.6ms)


Started GET "/automorph/result.xml?number=1" for 127.0.0.1 at 2017-12-11 08:09:47 +0300
Processing by AutomorphController#result as XML
  Parameters: {"number"=>"1"}
Completed 200 OK in 1ms (Views: 0.8ms)


Started GET "/automorph/result.xml?number=10" for 127.0.0.1 at 2017-12-11 08:13:28 +0300
Processing by AutomorphController#result as XML
  Parameters: {"number"=>"10"}
Completed 200 OK in 10ms (Views: 5.8ms)


Started GET "/automorph/result.xml?number=10" for 127.0.0.1 at 2017-12-11 08:13:33 +0300
Processing by AutomorphController#result as XML
  Parameters: {"number"=>"10"}
Completed 200 OK in 1ms (Views: 0.9ms)


Started GET "/automorph/result.xml?number=10" for 127.0.0.1 at 2017-12-11 08:13:37 +0300
Processing by AutomorphController#result as XML
  Parameters: {"number"=>"10"}
Completed 200 OK in 4ms (Views: 3.6ms)


Started GET "/automorph/result.xml?number=" for 127.0.0.1 at 2017-12-11 08:13:43 +0300
Processing by AutomorphController#result as XML
  Parameters: {"number"=>""}
Completed 200 OK in 1ms (Views: 0.5ms)


Started GET "/automorph/result.xml?number=" for 127.0.0.1 at 2017-12-11 08:13:49 +0300
Processing by AutomorphController#result as XML
  Parameters: {"number"=>""}
Completed 200 OK in 1ms (Views: 0.7ms)


